<?xml version="1.0" encoding="UTF-8"?>
<testng-results skipped="0" failed="0" total="2" passed="2">
  <reporter-output>
  </reporter-output>
  <suite name="Default suite" duration-ms="21676" started-at="2019-01-09T16:18:13Z" finished-at="2019-01-09T16:18:35Z">
    <groups>
    </groups>
    <test name="Default test" duration-ms="21676" started-at="2019-01-09T16:18:13Z" finished-at="2019-01-09T16:18:35Z">
      <class name="namepackage1.GmailLogin">
        <test-method status="PASS" signature="launch()[pri:0, instance:namepackage1.GmailLogin@26f67b76]" name="launch" duration-ms="11665" started-at="2019-01-09T21:48:13Z" finished-at="2019-01-09T21:48:25Z">
          <reporter-output>
          </reporter-output>
        </test-method> <!-- launch -->
        <test-method status="PASS" signature="Login()[pri:0, instance:namepackage1.GmailLogin@26f67b76]" name="Login" duration-ms="9970" started-at="2019-01-09T21:48:25Z" finished-at="2019-01-09T21:48:35Z">
          <reporter-output>
          </reporter-output>
        </test-method> <!-- Login -->
      </class> <!-- namepackage1.GmailLogin -->
    </test> <!-- Default test -->
  </suite> <!-- Default suite -->
</testng-results>
